build/app/outputs/mapping/release/mapping.txt
# compiler: R8
# compiler_version: 1.5.64
# min_api: 21
# pg_map_id: 9365df4
com.example.medkit.MainActivity -> com.example.medkit.MainActivity:
    void configureFlutterEngine(io.flutter.embedding.engine.FlutterEngine) -> b
...
com.google.firebase.firestore.model.-$$Lambda$FieldIndex$YxRPA6wsiefZilz8t0CetxLD5_Y -> com.google.firebase.firestore.d1.d:
    com.google.firebase.firestore.model.-$$Lambda$FieldIndex$YxRPA6wsiefZilz8t0CetxLD5_Y INSTANCE -> f
com.google.firebase.firestore.model.-$$Lambda$XAtmtz8oW1diW-0poH1cSPyU0eQ -> com.google.firebase.firestore.d1.e:
    com.google.firebase.firestore.model.-$$Lambda$XAtmtz8oW1diW-0poH1cSPyU0eQ INSTANCE -> f
com.google.firebase.firestore.model.AutoValue_FieldIndex -> com.google.firebase.firestore.d1.f:
    java.util.List segments -> d
    com.google.firebase.firestore.model.FieldIndex$IndexState indexState -> e
    int indexId -> b
    java.lang.String collectionGroup -> c
    java.lang.String getCollectionGroup() -> b
    int getIndexId() -> d
    com.google.firebase.firestore.model.FieldIndex$IndexState getIndexState() -> e
    java.util.List getSegments() -> f
com.google.firebase.firestore.model.AutoValue_FieldIndex_IndexOffset -> com.google.firebase.firestore.d1.g:
    int largestBatchId -> j
    com.google.firebase.firestore.model.DocumentKey documentKey -> i
    com.google.firebase.firestore.model.SnapshotVersion readTime -> h
    com.google.firebase.firestore.model.DocumentKey getDocumentKey() -> a
    int getLargestBatchId() -> b
    com.google.firebase.firestore.model.SnapshotVersion getReadTime() -> c
com.google.firebase.firestore.model.AutoValue_FieldIndex_IndexState -> com.google.firebase.firestore.d1.h:
    long sequenceNumber -> a
    com.google.firebase.firestore.model.FieldIndex$IndexOffset offset -> b
    com.google.firebase.firestore.model.FieldIndex$IndexOffset getOffset() -> a
    long getSequenceNumber() -> b
com.google.firebase.firestore.model.AutoValue_FieldIndex_Segment -> com.google.firebase.firestore.d1.i:
    com.google.firebase.firestore.model.FieldPath fieldPath -> f
    com.google.firebase.firestore.model.FieldIndex$Segment$Kind kind -> g
    com.google.firebase.firestore.model.FieldPath getFieldPath() -> a
    com.google.firebase.firestore.model.FieldIndex$Segment$Kind getKind() -> b
com.google.firebase.firestore.model.BasePath -> com.google.firebase.firestore.d1.j:
    java.util.List segments -> f
    com.google.firebase.firestore.model.BasePath append(com.google.firebase.firestore.model.BasePath) -> a
    com.google.firebase.firestore.model.BasePath append(java.lang.String) -> a
    java.lang.String canonicalString() -> a
    com.google.firebase.firestore.model.BasePath createPathWithSegments(java.util.List) -> a
    java.lang.String getSegment(int) -> a
    int compareTo(com.google.firebase.firestore.model.BasePath) -> b
    java.lang.String getLastSegment() -> b
    com.google.firebase.firestore.model.BasePath popFirst(int) -> b
    boolean isEmpty() -> c
    boolean isPrefixOf(com.google.firebase.firestore.model.BasePath) -> c
    int length() -> d
    com.google.firebase.firestore.model.BasePath popLast() -> e
com.google.firebase.firestore.model.DatabaseId -> com.google.firebase.firestore.d1.k:
    java.lang.String databaseId -> g
    java.lang.String projectId -> f
    com.google.firebase.firestore.model.DatabaseId EMPTY -> h
    int compareTo(com.google.firebase.firestore.model.DatabaseId) -> a
    com.google.firebase.firestore.model.DatabaseId forDatabase(java.lang.String,java.lang.String) -> a
    com.google.firebase.firestore.model.DatabaseId fromName(java.lang.String) -> a
    java.lang.String getDatabaseId() -> a
    java.lang.String getProjectId() -> b